Determining if the pthread_create exist failed with the following output:
Change Dir: /home/aditaker/Desktop/grpc/examples/cpp/helloworld/cmake/build/CMakeFiles/CMakeTmp

Run Build Command:"/usr/bin/make" "cmTC_ef23e/fast"
/usr/bin/make -f CMakeFiles/cmTC_ef23e.dir/build.make CMakeFiles/cmTC_ef23e.dir/build
make[1]: Entering directory '/home/aditaker/Desktop/grpc/examples/cpp/helloworld/cmake/build/CMakeFiles/CMakeTmp'
Building C object CMakeFiles/cmTC_ef23e.dir/CheckSymbolExists.c.o
/usr/bin/cc    -o CMakeFiles/cmTC_ef23e.dir/CheckSymbolExists.c.o   -c /home/aditaker/Desktop/grpc/examples/cpp/helloworld/cmake/build/CMakeFiles/CMakeTmp/CheckSymbolExists.c
Linking C executable cmTC_ef23e
/usr/bin/cmake -E cmake_link_script CMakeFiles/cmTC_ef23e.dir/link.txt --verbose=1
/usr/bin/cc      -rdynamic CMakeFiles/cmTC_ef23e.dir/CheckSymbolExists.c.o  -o cmTC_ef23e 
CMakeFiles/cmTC_ef23e.dir/CheckSymbolExists.c.o: In function `main':
CheckSymbolExists.c:(.text+0x1b): undefined reference to `pthread_create'
collect2: error: ld returned 1 exit status
CMakeFiles/cmTC_ef23e.dir/build.make:97: recipe for target 'cmTC_ef23e' failed
make[1]: *** [cmTC_ef23e] Error 1
make[1]: Leaving directory '/home/aditaker/Desktop/grpc/examples/cpp/helloworld/cmake/build/CMakeFiles/CMakeTmp'
Makefile:126: recipe for target 'cmTC_ef23e/fast' failed
make: *** [cmTC_ef23e/fast] Error 2

File /home/aditaker/Desktop/grpc/examples/cpp/helloworld/cmake/build/CMakeFiles/CMakeTmp/CheckSymbolExists.c:
/* */
#include <pthread.h>

int main(int argc, char** argv)
{
  (void)argv;
#ifndef pthread_create
  return ((int*)(&pthread_create))[argc];
#else
  (void)argc;
  return 0;
#endif
}

Determining if the function pthread_create exists in the pthreads failed with the following output:
Change Dir: /home/aditaker/Desktop/grpc/examples/cpp/helloworld/cmake/build/CMakeFiles/CMakeTmp

Run Build Command:"/usr/bin/make" "cmTC_791f2/fast"
/usr/bin/make -f CMakeFiles/cmTC_791f2.dir/build.make CMakeFiles/cmTC_791f2.dir/build
make[1]: Entering directory '/home/aditaker/Desktop/grpc/examples/cpp/helloworld/cmake/build/CMakeFiles/CMakeTmp'
Building C object CMakeFiles/cmTC_791f2.dir/CheckFunctionExists.c.o
/usr/bin/cc   -DCHECK_FUNCTION_EXISTS=pthread_create   -o CMakeFiles/cmTC_791f2.dir/CheckFunctionExists.c.o   -c /usr/share/cmake-3.10/Modules/CheckFunctionExists.c
Linking C executable cmTC_791f2
/usr/bin/cmake -E cmake_link_script CMakeFiles/cmTC_791f2.dir/link.txt --verbose=1
/usr/bin/cc  -DCHECK_FUNCTION_EXISTS=pthread_create    -rdynamic CMakeFiles/cmTC_791f2.dir/CheckFunctionExists.c.o  -o cmTC_791f2 -lpthreads 
/usr/bin/ld: cannot find -lpthreads
collect2: error: ld returned 1 exit status
CMakeFiles/cmTC_791f2.dir/build.make:97: recipe for target 'cmTC_791f2' failed
make[1]: *** [cmTC_791f2] Error 1
make[1]: Leaving directory '/home/aditaker/Desktop/grpc/examples/cpp/helloworld/cmake/build/CMakeFiles/CMakeTmp'
Makefile:126: recipe for target 'cmTC_791f2/fast' failed
make: *** [cmTC_791f2/fast] Error 2


